<?xml version="1.0" encoding="UTF-8"?>
<testng-results ignored="0" total="1" passed="1" failed="0" skipped="0">
  <reporter-output>
  </reporter-output>
  <suite started-at="2023-03-27T10:59:55 IST" name="Default suite" finished-at="2023-03-27T10:59:55 IST" duration-ms="58">
    <groups>
    </groups>
    <test started-at="2023-03-27T10:59:55 IST" name="Default test" finished-at="2023-03-27T10:59:55 IST" duration-ms="58">
      <class name="Pratices.Pratice">
        <test-method signature="sample()[pri:0, instance:Pratices.Pratice@55f616cf]" started-at="2023-03-27T10:59:55 IST" name="sample" finished-at="2023-03-27T10:59:55 IST" duration-ms="9" status="PASS">
          <reporter-output>
          </reporter-output>
        </test-method> <!-- sample -->
      </class> <!-- Pratices.Pratice -->
    </test> <!-- Default test -->
  </suite> <!-- Default suite -->
</testng-results>
